<?xml version="1.0" encoding="UTF-8"?>
<!-- Generated by org.testng.reporters.JUnitReportReporter -->
<testsuite hostname="DESKTOP-IC2NU4G" failures="0" tests="3" name="testCases.TC_002_AccountRegistrationRunner" time="11.144" errors="0" timestamp="2022-11-15T15:42:52 PST" skipped="0">
  <testcase classname="testCases.TC_002_AccountRegistrationRunner" name="tc_002_Login" time="6.890"/>
  <system-out/>
  <testcase classname="testCases.TC_002_AccountRegistrationRunner" name="tc_002_Login" time="1.105"/>
  <system-out/>
  <testcase classname="testCases.TC_002_AccountRegistrationRunner" name="tc_002_Login" time="3.149"/>
  <system-out/>
</testsuite> <!-- testCases.TC_002_AccountRegistrationRunner -->
