<?xml version="1.0" encoding="UTF-8"?>
<!-- Generated by org.testng.reporters.JUnitReportReporter -->
<testsuite hostname="DESKTOP-IC2NU4G" failures="0" tests="5" name="testCases.TC_003_DataProvider" time="44.407" errors="0" timestamp="2022-11-15T02:59:25 PST" skipped="0">
  <testcase classname="testCases.TC_003_DataProvider" name="dastaProviderTest" time="1.243"/>
  <system-out/>
  <testcase classname="testCases.TC_003_DataProvider" name="dastaProviderTest" time="10.696"/>
  <system-out/>
  <testcase classname="testCases.TC_003_DataProvider" name="dastaProviderTest" time="10.939"/>
  <system-out/>
  <testcase classname="testCases.TC_003_DataProvider" name="dastaProviderTest" time="10.793"/>
  <system-out/>
  <testcase classname="testCases.TC_003_DataProvider" name="dastaProviderTest" time="10.736"/>
  <system-out/>
</testsuite> <!-- testCases.TC_003_DataProvider -->
