<?xml version="1.0" encoding="UTF-8"?>
<!-- Generated by org.testng.reporters.JUnitReportReporter -->
<testsuite hostname="DESKTOP-IC2NU4G" failures="0" tests="3" name="testCases.TC_001AccountRegistrationRunner" time="20.567" errors="0" timestamp="2022-11-15T15:42:52 PST" skipped="0">
  <testcase classname="testCases.TC_001AccountRegistrationRunner" name="test_account_registration" time="5.999"/>
  <system-out/>
  <testcase classname="testCases.TC_001AccountRegistrationRunner" name="test_account_registration" time="9.420"/>
  <system-out/>
  <testcase classname="testCases.TC_001AccountRegistrationRunner" name="test_account_registration" time="5.148"/>
  <system-out/>
</testsuite> <!-- testCases.TC_001AccountRegistrationRunner -->
