<?xml version="1.0" encoding="UTF-8"?>
<!-- Generated by org.testng.reporters.JUnitReportReporter -->
<testsuite hostname="DESKTOP-IC2NU4G" failures="0" tests="1" name="testCases.TC_001AccountRegistrationRunner" time="8.096" errors="0" timestamp="2022-11-17T16:03:58 PST" skipped="0">
  <testcase classname="testCases.TC_001AccountRegistrationRunner" name="test_account_registration" time="8.096"/>
  <system-out/>
</testsuite> <!-- testCases.TC_001AccountRegistrationRunner -->
