<?xml version="1.0" encoding="UTF-8"?>
<!-- Generated by org.testng.reporters.JUnitReportReporter -->
<testsuite hostname="DESKTOP-IC2NU4G" failures="0" tests="5" name="testCases.TC_003_DataProvider" time="47.700" errors="0" timestamp="2022-11-17T16:03:58 PST" skipped="0">
  <testcase classname="testCases.TC_003_DataProvider" name="dastaProviderTest" time="13.685"/>
  <system-out/>
  <testcase classname="testCases.TC_003_DataProvider" name="dastaProviderTest" time="1.415"/>
  <system-out/>
  <testcase classname="testCases.TC_003_DataProvider" name="dastaProviderTest" time="10.836"/>
  <system-out/>
  <testcase classname="testCases.TC_003_DataProvider" name="dastaProviderTest" time="10.841"/>
  <system-out/>
  <testcase classname="testCases.TC_003_DataProvider" name="dastaProviderTest" time="10.923"/>
  <system-out/>
</testsuite> <!-- testCases.TC_003_DataProvider -->
