<?xml version="1.0" encoding="UTF-8"?>
<!-- Generated by org.testng.reporters.JUnitReportReporter -->
<testsuite hostname="DESKTOP-IC2NU4G" failures="0" tests="1" name="testCases.TC_002_AccountRegistrationRunner" time="2.222" errors="0" timestamp="2022-11-17T16:03:58 PST" skipped="0">
  <testcase classname="testCases.TC_002_AccountRegistrationRunner" name="tc_002_Login" time="2.222"/>
  <system-out/>
</testsuite> <!-- testCases.TC_002_AccountRegistrationRunner -->
